<?xml version="1.0" encoding="UTF-8"?>
<!-- Generated by org.testng.reporters.JUnitReportReporter -->
<testsuite hostname="EC2AMAZ-S11DBRH" failures="0" tests="2" name="runners.GooglePageRunner" time="20.108" errors="0" timestamp="2024-05-12T06:19:52 GMT" skipped="0">
  <testcase classname="runners.GooglePageRunner" name="runScenario" time="4.405"/>
  <system-out/>
  <testcase classname="runners.GooglePageRunner" name="runScenario" time="15.703"/>
  <system-out/>
</testsuite> <!-- runners.GooglePageRunner -->
