<?xml version="1.0" encoding="UTF-8"?>
<!-- Generated by org.testng.reporters.JUnitReportReporter -->
<testsuite hostname="EC2AMAZ-S11DBRH" failures="0" tests="2" name="runners.TaggedRunner" time="0.153" errors="0" timestamp="2024-05-11T14:37:58 GMT" skipped="0">
  <testcase classname="runners.TaggedRunner" name="runScenario" time="0.017"/>
  <system-out/>
  <testcase classname="runners.TaggedRunner" name="runScenario" time="0.136"/>
  <system-out/>
</testsuite> <!-- runners.TaggedRunner -->
