<?xml version="1.0" encoding="UTF-8"?>
<!-- Generated by org.testng.reporters.JUnitReportReporter -->
<testsuite hostname="EC2AMAZ-S11DBRH" failures="0" tests="1" name="runners.GooglePageRunner" time="16.135" errors="0" timestamp="2024-05-11T07:06:09 GMT" skipped="0">
  <testcase classname="runners.GooglePageRunner" name="runScenario" time="16.135"/>
  <system-out/>
</testsuite> <!-- runners.GooglePageRunner -->
