<?xml version="1.0" encoding="UTF-8"?>
<!-- Generated by org.testng.reporters.JUnitReportReporter -->
<testsuite hostname="EC2AMAZ-S11DBRH" failures="0" tests="3" name="runners.ParallelRunner" time="24.081" errors="0" timestamp="2024-05-11T07:17:52 GMT" skipped="0">
  <testcase classname="runners.ParallelRunner" name="runScenario" time="8.254"/>
  <system-out/>
  <testcase classname="runners.ParallelRunner" name="runScenario" time="8.085"/>
  <system-out/>
  <testcase classname="runners.ParallelRunner" name="runScenario" time="7.742"/>
  <system-out/>
</testsuite> <!-- runners.ParallelRunner -->
