<?xml version="1.0" encoding="UTF-8"?>
<!-- Generated by org.testng.reporters.JUnitReportReporter -->
<testsuite hostname="EC2AMAZ-S11DBRH" failures="0" tests="6" name="runners.TaggedRunner" time="0.234" errors="0" timestamp="2024-05-12T06:10:23 GMT" skipped="0">
  <testcase classname="runners.TaggedRunner" name="runScenario" time="0.017"/>
  <system-out/>
  <testcase classname="runners.TaggedRunner" name="runScenario" time="0.024"/>
  <system-out/>
  <testcase classname="runners.TaggedRunner" name="runScenario" time="0.130"/>
  <system-out/>
  <testcase classname="runners.TaggedRunner" name="runScenario" time="0.028"/>
  <system-out/>
  <testcase classname="runners.TaggedRunner" name="runScenario" time="0.020"/>
  <system-out/>
  <testcase classname="runners.TaggedRunner" name="runScenario" time="0.015"/>
  <system-out/>
</testsuite> <!-- runners.TaggedRunner -->
