<?xml version="1.0" encoding="UTF-8"?>
<!-- Generated by org.testng.reporters.JUnitReportReporter -->
<testsuite hostname="EC2AMAZ-S11DBRH" failures="0" tests="1" name="runners.GooglePageRunner" time="5.996" errors="0" timestamp="2024-05-11T05:19:14 GMT" skipped="0">
  <testcase classname="runners.GooglePageRunner" name="runScenario" time="5.996"/>
  <system-out/>
</testsuite> <!-- runners.GooglePageRunner -->
